  Algorytmy.cpp
C:\Users\mkandyba.MPD1\source\repos\Algorytmy\Algorytmy\Algorytmy.cpp(75,2): error C2065: 'Vector': undeclared identifier
C:\Users\mkandyba.MPD1\source\repos\Algorytmy\Algorytmy\Algorytmy.cpp(75,9): error C2146: syntax error: missing ';' before identifier 'result'
C:\Users\mkandyba.MPD1\source\repos\Algorytmy\Algorytmy\Algorytmy.cpp(75,9): error C2065: 'result': undeclared identifier
C:\Users\mkandyba.MPD1\source\repos\Algorytmy\Algorytmy\Algorytmy.cpp(79,10): error C2143: syntax error: missing ';' before '*'
C:\Users\mkandyba.MPD1\source\repos\Algorytmy\Algorytmy\Algorytmy.cpp(79,21): error C4430: missing type specifier - int assumed. Note: C++ does not support default-int
C:\Users\mkandyba.MPD1\source\repos\Algorytmy\Algorytmy\Algorytmy.cpp(79,36): error C4430: missing type specifier - int assumed. Note: C++ does not support default-int
C:\Users\mkandyba.MPD1\source\repos\Algorytmy\Algorytmy\Algorytmy.cpp(79,36): error C2143: syntax error: missing ',' before '&'
C:\Users\mkandyba.MPD1\source\repos\Algorytmy\Algorytmy\Algorytmy.cpp(79,47): error C4430: missing type specifier - int assumed. Note: C++ does not support default-int
C:\Users\mkandyba.MPD1\source\repos\Algorytmy\Algorytmy\Algorytmy.cpp(79,47): error C2803: 'operator *' must have at least one formal parameter of class type
C:\Users\mkandyba.MPD1\source\repos\Algorytmy\Algorytmy\Algorytmy.cpp(80,11): error C2146: syntax error: missing ';' before identifier 'result'
C:\Users\mkandyba.MPD1\source\repos\Algorytmy\Algorytmy\Algorytmy.cpp(80,11): error C2065: 'result': undeclared identifier
C:\Users\mkandyba.MPD1\source\repos\Algorytmy\Algorytmy\Algorytmy.cpp(81,2): error C2065: 'result': undeclared identifier
C:\Users\mkandyba.MPD1\source\repos\Algorytmy\Algorytmy\Algorytmy.cpp(81,21): error C2355: 'this': can only be referenced inside non-static member functions or non-static data member initializers
C:\Users\mkandyba.MPD1\source\repos\Algorytmy\Algorytmy\Algorytmy.cpp(81,39): error C2065: 'another': undeclared identifier
C:\Users\mkandyba.MPD1\source\repos\Algorytmy\Algorytmy\Algorytmy.cpp(82,2): error C2065: 'result': undeclared identifier
C:\Users\mkandyba.MPD1\source\repos\Algorytmy\Algorytmy\Algorytmy.cpp(82,23): error C2355: 'this': can only be referenced inside non-static member functions or non-static data member initializers
C:\Users\mkandyba.MPD1\source\repos\Algorytmy\Algorytmy\Algorytmy.cpp(82,43): error C2065: 'another': undeclared identifier
C:\Users\mkandyba.MPD1\source\repos\Algorytmy\Algorytmy\Algorytmy.cpp(83,9): error C2065: 'result': undeclared identifier
C:\Users\mkandyba.MPD1\source\repos\Algorytmy\Algorytmy\Algorytmy.cpp(85,1): error C2146: syntax error: missing ';' before identifier 'Vector'
C:\Users\mkandyba.MPD1\source\repos\Algorytmy\Algorytmy\Algorytmy.cpp(85,1): error C2065: 'Vector': undeclared identifier
C:\Users\mkandyba.MPD1\source\repos\Algorytmy\Algorytmy\Algorytmy.cpp(85,9): error C2653: 'Vector': is not a class or namespace name
C:\Users\mkandyba.MPD1\source\repos\Algorytmy\Algorytmy\Algorytmy.cpp(85,27): error C2143: syntax error: missing ')' before 'const'
C:\Users\mkandyba.MPD1\source\repos\Algorytmy\Algorytmy\Algorytmy.cpp(85,26): error C3861: '=': identifier not found
C:\Users\mkandyba.MPD1\source\repos\Algorytmy\Algorytmy\Algorytmy.cpp(85,27): error C2143: syntax error: missing ';' before 'const'
C:\Users\mkandyba.MPD1\source\repos\Algorytmy\Algorytmy\Algorytmy.cpp(85,39): error C4430: missing type specifier - int assumed. Note: C++ does not support default-int
C:\Users\mkandyba.MPD1\source\repos\Algorytmy\Algorytmy\Algorytmy.cpp(85,39): error C2143: syntax error: missing ';' before '&'
C:\Users\mkandyba.MPD1\source\repos\Algorytmy\Algorytmy\Algorytmy.cpp(85,41): error C2065: 'another': undeclared identifier
C:\Users\mkandyba.MPD1\source\repos\Algorytmy\Algorytmy\Algorytmy.cpp(85,48): error C2059: syntax error: ')'
C:\Users\mkandyba.MPD1\source\repos\Algorytmy\Algorytmy\Algorytmy.cpp(88,2): error C2355: 'this': can only be referenced inside non-static member functions or non-static data member initializers
C:\Users\mkandyba.MPD1\source\repos\Algorytmy\Algorytmy\Algorytmy.cpp(88,20): error C2065: 'another': undeclared identifier
C:\Users\mkandyba.MPD1\source\repos\Algorytmy\Algorytmy\Algorytmy.cpp(88,37): error C2059: syntax error: ';'
C:\Users\mkandyba.MPD1\source\repos\Algorytmy\Algorytmy\Algorytmy.cpp(89,2): error C2355: 'this': can only be referenced inside non-static member functions or non-static data member initializers
C:\Users\mkandyba.MPD1\source\repos\Algorytmy\Algorytmy\Algorytmy.cpp(89,16): error C2065: 'another': undeclared identifier
C:\Users\mkandyba.MPD1\source\repos\Algorytmy\Algorytmy\Algorytmy.cpp(90,2): error C2355: 'this': can only be referenced inside non-static member functions or non-static data member initializers
C:\Users\mkandyba.MPD1\source\repos\Algorytmy\Algorytmy\Algorytmy.cpp(90,16): error C2065: 'another': undeclared identifier
C:\Users\mkandyba.MPD1\source\repos\Algorytmy\Algorytmy\Algorytmy.cpp(91,10): error C2355: 'this': can only be referenced inside non-static member functions or non-static data member initializers
  main.cpp
  Generating Code...
